[03:27:36.923][INFO]: Successfully injected RecipeFS file system
[03:27:36.975][INFO]: Successfully identified and loaded plugin crafttweaker:builtin
[03:27:36.980][INFO]: Successfully identified and loaded plugin crafttweaker:builtin_forge
[03:27:36.983][INFO]: Successfully identified and loaded plugin farmersdelight:crafttweaker_plugin
[03:27:38.047][INFO]: The following mods have explicit CraftTweaker support through the default plugin:
[03:27:38.048][INFO]: - 'aether' at version '1.19.2-1.4.2-forge'
[03:27:38.048][INFO]: - 'aquaculture' at version '1.19.2-2.4.17'
[03:27:38.048][INFO]: - 'crafttweaker' at version '10.1.56'
[03:27:38.052][INFO]: - 'farmersdelight' at version '1.19.2-1.2.4'
[03:27:38.052][INFO]: - 'gamestages' at version '11.1.4'
[03:27:38.052][INFO]: - 'itemstages' at version '5.1.4'
[03:27:57.150][INFO]: Started loading scripts for loader 'initialize'
[03:27:58.323][INFO]: Compiling and executing scripts
[03:27:58.435][INFO]: Successfully initialized modules [crafttweaker, expansions]
[03:27:58.553][INFO]: Execution for loader 'initialize' completed successfully
[03:28:10.923][INFO]: Started loading scripts for loader 'tags'
[03:28:10.949][INFO]: Compiling and executing scripts
[03:28:10.963][INFO]: Successfully initialized modules [crafttweaker, expansions]
[03:28:10.972][INFO]: Execution for loader 'tags' completed successfully
[03:28:16.281][INFO]: Started loading scripts for loader 'crafttweaker'
[03:28:16.313][INFO]: Compiling and executing scripts
[03:28:16.737][INFO]: Successfully initialized modules [mods, crafttweaker, expansions]
[03:28:16.740][INFO]: Loading file 'Cisco.zs' with priority 0
[03:28:16.773][INFO]: Hello world!
[03:28:16.777][INFO]: Adding 'minecraft:smithing' recipe, with name: 'crafttweaker:dreadsteel_chestplate' that outputs: '<item:dreadsteel:dreadsteel_chestplate>'
[03:28:16.778][INFO]: Adding 'minecraft:smithing' recipe, with name: 'crafttweaker:dreadsteel_helmet' that outputs: '<item:dreadsteel:dreadsteel_helmet>'
[03:28:16.778][INFO]: Adding 'minecraft:smithing' recipe, with name: 'crafttweaker:dreadsteel_boots' that outputs: '<item:dreadsteel:dreadsteel_boots>'
[03:28:16.778][INFO]: Adding 'minecraft:smithing' recipe, with name: 'crafttweaker:dreadsteel_leggings' that outputs: '<item:dreadsteel:dreadsteel_leggings>'
[03:28:16.779][INFO]: Adding 'minecraft:crafting' recipe, of type: "shapeless", with name: 'crafttweaker:dreadsteel_ingot_recipe' that outputs: '<item:dreadsteel:dreadsteel_ingot>'
[03:28:16.779][INFO]: Adding 'minecraft:crafting' recipe, of type: "shapeless", with name: 'crafttweaker:dreadsteel_scythe_recipe' that outputs: '<item:dreadsteel:dreadsteel_scythe>'
[03:28:16.779][INFO]: Adding 'minecraft:crafting' recipe, of type: "shapeless", with name: 'crafttweaker:dreadsteel_shield_recipe' that outputs: '<item:dreadsteel:dreadsteel_shield>'
[03:28:16.780][INFO]: Removing "minecraft:crafting" recipes with modid: "dreadsteel"
[03:28:16.782][INFO]: Adding 'minecraft:crafting' recipe, of type: "shapeless", with name: 'crafttweaker:amnesia_scroll' that outputs: '<item:skilltree:amnesia_scroll>'
[03:28:16.782][INFO]: Adding 'minecraft:crafting' recipe, of type: "shapeless", with name: 'crafttweaker:true_dragons_breath' that outputs: '<item:cisco_mod:true_dragons_breath>'
[03:28:16.786][INFO]: Adding 'minecraft:crafting' recipe, of type: "shapeless", with name: 'crafttweaker:rogue_eye' that outputs: '<item:endrem:rogue_eye>.withTag({Damage: 0})'
[03:28:16.786][INFO]: Adding 'minecraft:crafting' recipe, of type: "shapeless", with name: 'crafttweaker:undead_soul' that outputs: '<item:endrem:undead_soul>'
[03:28:16.786][INFO]: Adding 'minecraft:crafting' recipe, of type: "shapeless", with name: 'crafttweaker:demonium_ingot_recipe' that outputs: '<item:cisco_mod:demonium_ingot>'
[03:28:16.786][INFO]: Adding 'minecraft:crafting' recipe, of type: "shapeless", with name: 'crafttweaker:frigidium_ingot_recipe' that outputs: '<item:cisco_mod:frigidiumingot>'
[03:28:16.786][INFO]: Execution for loader 'crafttweaker' completed successfully
[03:28:16.788][INFO]: This reload was made possible by Belathus and more! Become a patron at https://patreon.com/jaredlll08?s=crtmod
