[16Jun2025 00:00:12.022] [Server thread/INFO] [com.teampotato.redirector.Redirector/]: Redirecting net/p3pp3rf1y/sophisticatedcore/settings/main/Context
[16Jun2025 00:00:22.335] [Server thread/INFO] [net.minecraft.server.MinecraftServer/]: [Not Secure] <zJ3ff> oe juan
[16Jun2025 00:00:23.808] [Server thread/WARN] [com.github.jarva.arsadditions.ArsAdditions/]: Running locate on server thread. If this causes lag please install Async Locator https://modrinth.com/mod/async-locator
[16Jun2025 00:00:24.072] [Worker-Main225/WARN] [net.minecraft.world.level.levelgen.structure.pools.JigsawPlacement/]: Empty or non-existent pool: minecraft:village/common/villagers
[16Jun2025 00:00:24.072] [Worker-Main225/WARN] [net.minecraft.world.level.levelgen.structure.pools.JigsawPlacement/]: Empty or non-existent pool: minecraft:village/common/villagers
[16Jun2025 00:00:24.072] [Worker-Main225/WARN] [net.minecraft.world.level.levelgen.structure.pools.JigsawPlacement/]: Empty or non-existent pool: minecraft:village/common/villagers
[16Jun2025 00:00:24.309] [Worker-Main225/WARN] [net.minecraft.world.level.levelgen.structure.pools.JigsawPlacement/]: Empty or non-existent pool: minecraft:village/common/villagers
[16Jun2025 00:00:26.375] [Server thread/WARN] [net.minecraft.server.MinecraftServer/]: Can't keep up! Is the server overloaded? Running 2555ms or 51 ticks behind
[16Jun2025 00:00:26.406] [Server thread/INFO] [net.minecraft.server.MinecraftServer/]: [Not Secure] <zJ3ff> y ud pa donde se fue
[16Jun2025 00:00:40.911] [Server thread/INFO] [net.minecraft.server.MinecraftServer/]: [Not Secure] <art> so
[16Jun2025 00:00:44.338] [Server thread/WARN] [net.minecraft.world.level.storage.loot.functions.SetItemDamageFunction/]: Couldn't set damage of loot item 1 gold_ingot
[16Jun2025 00:00:44.338] [Server thread/WARN] [net.minecraft.world.level.storage.loot.functions.SetItemDamageFunction/]: Couldn't set damage of loot item 1 diamond
[16Jun2025 00:00:44.338] [Server thread/WARN] [net.minecraft.world.level.storage.loot.functions.SetItemDamageFunction/]: Couldn't set damage of loot item 1 gem_dust
[16Jun2025 00:00:44.338] [Server thread/WARN] [net.minecraft.world.level.storage.loot.functions.SetItemDamageFunction/]: Couldn't set damage of loot item 1 iron_block
[16Jun2025 00:00:50.901] [Server thread/INFO] [net.minecraft.server.MinecraftServer/]: [Not Secure] <art> estoy farmeando palos para la reparacion
[16Jun2025 00:00:52.204] [Server thread/INFO] [net.minecraft.server.MinecraftServer/]: [Not Secure] <art> XD
[16Jun2025 00:01:02.088] [Server thread/INFO] [net.minecraft.server.network.ServerGamePacketListenerImpl/]: zJ3ff lost connection: Disconnected
[16Jun2025 00:01:02.088] [Server thread/INFO] [net.minecraft.server.MinecraftServer/]: zJ3ff left the game
[16Jun2025 00:01:15.225] [Server thread/WARN] [net.minecraft.server.level.ServerEntity/]: Fetching packet for removed entity VampbiterEntity['Vampire Biter'/620, l='ServerLevel[world]', x=2130.94, y=10.19, z=815.22, removed=DISCARDED]
[16Jun2025 00:01:21.805] [Netty Epoll Server IO #2/INFO] [Calio/]: Received acknowledgment for login packet with id 236
[16Jun2025 00:01:21.911] [Netty Epoll Server IO #2/INFO] [Calio/]: Received acknowledgment for login packet with id 237
[16Jun2025 00:01:21.960] [Netty Epoll Server IO #2/INFO] [Calio/]: Received acknowledgment for login packet with id 238
[16Jun2025 00:01:21.960] [Netty Epoll Server IO #2/INFO] [Calio/]: Received acknowledgment for login packet with id 239
[16Jun2025 00:01:21.963] [Netty Epoll Server IO #2/INFO] [Calio/]: Received acknowledgment for login packet with id 240
[16Jun2025 00:01:22.014] [Netty Epoll Server IO #2/INFO] [Calio/]: Received acknowledgment for login packet with id 241
[16Jun2025 00:01:22.067] [Netty Epoll Server IO #2/INFO] [Calio/]: Received acknowledgment for login packet with id 242
[16Jun2025 00:01:22.116] [Netty Epoll Server IO #2/INFO] [Calio/]: Received acknowledgment for login packet with id 243
[16Jun2025 00:01:22.163] [Netty Epoll Server IO #2/INFO] [Calio/]: Received acknowledgment for login packet with id 244
[16Jun2025 00:01:22.212] [Netty Epoll Server IO #2/INFO] [Calio/]: Received acknowledgment for login packet with id 245
[16Jun2025 00:01:22.261] [Netty Epoll Server IO #2/INFO] [Calio/]: Received acknowledgment for login packet with id 246
[16Jun2025 00:01:22.314] [Netty Epoll Server IO #2/INFO] [Calio/]: Received acknowledgment for login packet with id 247
[16Jun2025 00:01:22.660] [Netty Epoll Server IO #2/INFO] [Calio/]: Received acknowledgment for login packet with id 248
[16Jun2025 00:01:22.660] [Netty Epoll Server IO #2/INFO] [Calio/]: Received acknowledgment for login packet with id 249
[16Jun2025 00:01:22.661] [Netty Epoll Server IO #2/INFO] [Calio/]: Received acknowledgment for login packet with id 250
[16Jun2025 00:01:22.738] [Server thread/INFO] [net.minecraftforge.common.AdvancementLoadFix/]: Using new advancement loading for net.minecraft.server.PlayerAdvancements@6e6c6680
[16Jun2025 00:01:22.743] [Server thread/INFO] [net.minecraft.server.players.PlayerList/]: zJ3ff[/10.147.17.225:60111] logged in with entity id 25527 at (-4.675386988326237, 63.5, 0.713034224824171)
[16Jun2025 00:01:22.774] [Server thread/INFO] [ModdingLegacy/blue_skies/]: Sending ToolHandleTypeManager to zJ3ff
[16Jun2025 00:01:22.774] [Server thread/INFO] [ModdingLegacy/blue_skies/]: Sending SnowcapOvenFreezingManager to zJ3ff
[16Jun2025 00:01:22.774] [Server thread/INFO] [ModdingLegacy/blue_skies/]: Sending HorizoniteForgeFuelManager to zJ3ff
[16Jun2025 00:01:22.774] [Server thread/INFO] [ModdingLegacy/blue_skies/]: Sending AlchemyRecipeManager to zJ3ff
[16Jun2025 00:01:22.775] [Server thread/INFO] [ModdingLegacy/blue_skies/]: Sending JournalEntryManager to zJ3ff
[16Jun2025 00:01:22.776] [Server thread/INFO] [ModdingLegacy/blue_skies/]: Sending JournalSectionManager to zJ3ff
[16Jun2025 00:01:22.777] [Server thread/INFO] [ModdingLegacy/blue_skies/]: Sending JournalRequirementManager to zJ3ff
[16Jun2025 00:01:22.821] [Server thread/INFO] [net.minecraft.server.MinecraftServer/]: zJ3ff joined the game
[16Jun2025 00:01:22.891] [Server thread/INFO] [Jade/]: Syncing config to zJ3ff (eede419e-6249-3648-b9b1-3edb24231985)
[16Jun2025 00:01:22.938] [Server thread/INFO] [Enigmatic Legacy/INFO]: Synchronizing omniconfig files to zJ3ff...
[16Jun2025 00:01:22.938] [Server thread/INFO] [Enigmatic Legacy/INFO]: Sending data for enigmaticaddons-common.omniconf
[16Jun2025 00:01:22.938] [Server thread/INFO] [Enigmatic Legacy/INFO]: Sending data for enigmaticlegacy-common.omniconf
[16Jun2025 00:01:22.939] [Server thread/INFO] [Enigmatic Legacy/INFO]: Granting starter gear to zJ3ff
[16Jun2025 00:01:35.907] [Server thread/INFO] [net.minecraft.server.MinecraftServer/]: [Not Secure] <TanatosGX> debo buscar encantamiento de proteccion
[16Jun2025 00:01:43.387] [Server thread/INFO] [net.minecraft.server.MinecraftServer/]: [Not Secure] <zJ3ff> bueno
[16Jun2025 00:01:45.399] [Server thread/INFO] [net.minecraft.server.MinecraftServer/]: [Not Secure] <zJ3ff> entonces
[16Jun2025 00:01:47.156] [Server thread/INFO] [com.teampotato.redirector.Redirector/]: Redirecting net/minecraft/world/entity/ai/gossip/GossipType
[16Jun2025 00:01:49.398] [Server thread/INFO] [net.minecraft.server.MinecraftServer/]: [Not Secure] <art> hagamos la sala de encantamientos man
[16Jun2025 00:01:49.990] [Server thread/INFO] [net.minecraft.server.MinecraftServer/]: [Not Secure] <zJ3ff> vienen o me lo bajo solo?
[16Jun2025 00:02:16.038] [Server thread/INFO] [net.minecraft.server.MinecraftServer/]: [Not Secure] <zJ3ff> alo?
[16Jun2025 00:02:17.743] [Server thread/INFO] [net.minecraft.server.MinecraftServer/]: [Not Secure] <art> quieto tana
[16Jun2025 00:02:30.556] [Server thread/INFO] [net.minecraft.server.MinecraftServer/]: [Not Secure] <TanatosGX> y los aldeanos juan
[16Jun2025 00:02:45.191] [Server thread/INFO] [net.minecraft.server.MinecraftServer/]: [Not Secure] <zJ3ff> supongo que no vienen entonce
[16Jun2025 00:02:46.407] [Server thread/INFO] [net.minecraft.server.MinecraftServer/]: zJ3ff has made the advancement [Withering Heights]
[16Jun2025 00:02:52.137] [Server thread/WARN] [net.minecraft.world.level.storage.loot.functions.SetItemDamageFunction/]: Couldn't set damage of loot item 1 diamond
[16Jun2025 00:02:52.137] [Server thread/WARN] [net.minecraft.world.level.storage.loot.functions.SetItemDamageFunction/]: Couldn't set damage of loot item 1 gem_dust
[16Jun2025 00:02:52.137] [Server thread/WARN] [net.minecraft.world.level.storage.loot.functions.SetItemDamageFunction/]: Couldn't set damage of loot item 1 diamond
[16Jun2025 00:02:52.138] [Server thread/WARN] [net.minecraft.world.level.storage.loot.functions.SetItemDamageFunction/]: Couldn't set damage of loot item 1 gold_ingot
[16Jun2025 00:02:52.138] [Server thread/WARN] [net.minecraft.world.level.storage.loot.functions.SetItemDamageFunction/]: Couldn't set damage of loot item 1 iron_block
[16Jun2025 00:02:55.342] [Server thread/INFO] [net.minecraft.server.MinecraftServer/]: [Not Secure] <art> pere
[16Jun2025 00:02:57.009] [Server thread/INFO] [net.minecraft.server.MinecraftServer/]: [Not Secure] <art> XD
[16Jun2025 00:03:01.987] [Server thread/INFO] [net.minecraft.server.MinecraftServer/]: zJ3ff was shot by a skull from Wither
[16Jun2025 00:03:03.234] [Server thread/WARN] [net.minecraft.server.level.ServerEntity/]: Fetching packet for removed entity VampbiterEntity['Vampire Biter'/620, l='ServerLevel[world]', x=2130.94, y=10.19, z=815.22, removed=DISCARDED]
[16Jun2025 00:03:05.369] [Server thread/INFO] [net.minecraft.server.MinecraftServer/]: [Not Secure] <art> XDDDDDDD
[16Jun2025 00:03:06.488] [Server thread/INFO] [net.minecraft.server.MinecraftServer/]: zJ3ff was shot by a skull from Wither
[16Jun2025 00:03:08.937] [Server thread/INFO] [net.minecraft.server.MinecraftServer/]: [Not Secure] <art> XDDDDDDDDDDD
[16Jun2025 00:03:09.839] [Server thread/WARN] [net.minecraft.server.level.ServerEntity/]: Fetching packet for removed entity VampbiterEntity['Vampire Biter'/620, l='ServerLevel[world]', x=2130.94, y=10.19, z=815.22, removed=DISCARDED]
[16Jun2025 00:03:12.744] [Server thread/WARN] [net.minecraft.world.level.storage.loot.functions.SetItemDamageFunction/]: Couldn't set damage of loot item 1 netherite_scrap
[16Jun2025 00:03:12.745] [Server thread/WARN] [net.minecraft.world.level.storage.loot.functions.SetItemDamageFunction/]: Couldn't set damage of loot item 1 diamond
[16Jun2025 00:03:12.745] [Server thread/WARN] [net.minecraft.world.level.storage.loot.functions.SetItemDamageFunction/]: Couldn't set damage of loot item 1 diamond
[16Jun2025 00:03:12.841] [Server thread/INFO] [net.minecraft.server.MinecraftServer/]: zJ3ff was shot by a skull from Wither
[16Jun2025 00:03:16.032] [Server thread/INFO] [net.minecraft.server.MinecraftServer/]: [Not Secure] <art> XDDDDD
[16Jun2025 00:03:17.079] [Server thread/WARN] [net.minecraft.server.level.ServerEntity/]: Fetching packet for removed entity VampbiterEntity['Vampire Biter'/620, l='ServerLevel[world]', x=2130.94, y=10.19, z=815.22, removed=DISCARDED]
[16Jun2025 00:03:17.285] [Server thread/WARN] [net.minecraft.world.level.storage.loot.functions.SetItemDamageFunction/]: Couldn't set damage of loot item 1 gold_ingot
[16Jun2025 00:03:17.285] [Server thread/WARN] [net.minecraft.world.level.storage.loot.functions.SetItemDamageFunction/]: Couldn't set damage of loot item 1 gold_block
[16Jun2025 00:03:17.285] [Server thread/WARN] [net.minecraft.world.level.storage.loot.functions.SetItemDamageFunction/]: Couldn't set damage of loot item 1 wisdom_scroll
[16Jun2025 00:03:17.286] [Server thread/WARN] [net.minecraft.world.level.storage.loot.functions.SetItemDamageFunction/]: Couldn't set damage of loot item 1 diamond
[16Jun2025 00:03:20.737] [Server thread/INFO] [net.minecraft.server.MinecraftServer/]: [zJ3ff: Set own game mode to Creative Mode]
[16Jun2025 00:03:26.939] [Server thread/INFO] [net.minecraft.server.MinecraftServer/]: art has made the advancement [First Trade]
[16Jun2025 00:03:26.940] [Server thread/INFO] [net.minecraft.server.MinecraftServer/]: art has made the advancement [Ace Trainer]
[16Jun2025 00:03:26.941] [Server thread/INFO] [net.minecraft.server.MinecraftServer/]: art has made the advancement [What a Deal!]
[16Jun2025 00:03:36.888] [Server thread/WARN] [net.minecraft.world.level.storage.loot.functions.SetItemDamageFunction/]: Couldn't set damage of loot item 1 netherite_scrap
[16Jun2025 00:03:36.888] [Server thread/WARN] [net.minecraft.world.level.storage.loot.functions.SetItemDamageFunction/]: Couldn't set damage of loot item 1 diamond
[16Jun2025 00:03:36.888] [Server thread/WARN] [net.minecraft.world.level.storage.loot.functions.SetItemDamageFunction/]: Couldn't set damage of loot item 1 gem_dust
[16Jun2025 00:03:36.888] [Server thread/WARN] [net.minecraft.world.level.storage.loot.functions.SetItemDamageFunction/]: Couldn't set damage of loot item 1 diamond
[16Jun2025 00:03:41.863] [Server thread/INFO] [net.minecraft.server.MinecraftServer/]: [zJ3ff: Set own game mode to Survival Mode]
[16Jun2025 00:03:46.787] [Server thread/INFO] [net.minecraft.server.MinecraftServer/]: [Not Secure] <TanatosGX> proteccion contra proyectiles
[16Jun2025 00:03:55.738] [Server thread/INFO] [net.minecraft.server.MinecraftServer/]: zJ3ff was shot by a skull from Wither
[16Jun2025 00:03:57.044] [Server thread/WARN] [net.minecraft.server.level.ServerEntity/]: Fetching packet for removed entity VampbiterEntity['Vampire Biter'/620, l='ServerLevel[world]', x=2130.94, y=10.19, z=815.22, removed=DISCARDED]
[16Jun2025 00:04:01.136] [Server thread/INFO] [net.minecraft.server.MinecraftServer/]: zJ3ff was shot by a skull from Wither
[16Jun2025 00:04:05.520] [Server thread/WARN] [net.minecraft.server.level.ServerEntity/]: Fetching packet for removed entity VampbiterEntity['Vampire Biter'/620, l='ServerLevel[world]', x=2130.94, y=10.19, z=815.22, removed=DISCARDED]
[16Jun2025 00:04:08.888] [Server thread/INFO] [net.minecraft.server.MinecraftServer/]: zJ3ff was shot by a skull from Wither
[16Jun2025 00:04:10.384] [Server thread/INFO] [net.minecraft.server.MinecraftServer/]: [Not Secure] <art> jeff hagame tp
[16Jun2025 00:04:13.940] [Server thread/WARN] [net.minecraft.server.level.ServerEntity/]: Fetching packet for removed entity VampbiterEntity['Vampire Biter'/620, l='ServerLevel[world]', x=2130.94, y=10.19, z=815.22, removed=DISCARDED]
[16Jun2025 00:04:17.786] [Server thread/INFO] [net.minecraft.server.MinecraftServer/]: zJ3ff was shot by a skull from Wither
[16Jun2025 00:04:21.138] [Server thread/WARN] [net.minecraft.server.level.ServerEntity/]: Fetching packet for removed entity VampbiterEntity['Vampire Biter'/620, l='ServerLevel[world]', x=2130.94, y=10.19, z=815.22, removed=DISCARDED]
[16Jun2025 00:04:23.688] [Server thread/INFO] [net.minecraft.server.MinecraftServer/]: [Not Secure] <art> XDDD
[16Jun2025 00:04:24.234] [Server thread/INFO] [net.minecraft.server.MinecraftServer/]: zJ3ff was shot by a skull from Wither
[16Jun2025 00:04:29.067] [Server thread/WARN] [net.minecraft.server.level.ServerEntity/]: Fetching packet for removed entity VampbiterEntity['Vampire Biter'/620, l='ServerLevel[world]', x=2130.94, y=10.19, z=815.22, removed=DISCARDED]
[16Jun2025 00:04:31.689] [Server thread/INFO] [net.minecraft.server.MinecraftServer/]: [zJ3ff: Set own game mode to Creative Mode]
[16Jun2025 00:04:36.840] [Server thread/INFO] [net.minecraft.server.MinecraftServer/]: [Not Secure] <art> jeff
[16Jun2025 00:04:42.712] [Server thread/INFO] [net.minecraft.server.MinecraftServer/]: [zJ3ff: Set own game mode to Survival Mode]
[16Jun2025 00:04:52.892] [Server thread/INFO] [net.minecraft.server.MinecraftServer/]: [Not Secure] <art> tana
[16Jun2025 00:04:56.759] [Server thread/INFO] [net.minecraft.server.MinecraftServer/]: [Not Secure] <art> hagamos la maldita sala
[16Jun2025 00:05:05.191] [Server thread/INFO] [net.minecraft.server.MinecraftServer/]: zJ3ff was shot by a skull from Wither
[16Jun2025 00:05:06.712] [Server thread/WARN] [net.minecraft.server.level.ServerEntity/]: Fetching packet for removed entity VampbiterEntity['Vampire Biter'/620, l='ServerLevel[world]', x=2130.94, y=10.19, z=815.22, removed=DISCARDED]
[16Jun2025 00:05:08.488] [Server thread/INFO] [net.minecraft.server.MinecraftServer/]: [Not Secure] <TanatosGX> proteccion
[16Jun2025 00:05:13.181] [Server thread/INFO] [net.minecraft.server.MinecraftServer/]: [zJ3ff: Set own game mode to Creative Mode]
[16Jun2025 00:05:13.398] [Server thread/INFO] [net.minecraft.server.MinecraftServer/]: [Not Secure] <art> jeff
[16Jun2025 00:05:15.068] [Server thread/INFO] [net.minecraft.server.MinecraftServer/]: [Not Secure] <TanatosGX> que sala
[16Jun2025 00:05:15.690] [Server thread/INFO] [net.minecraft.server.MinecraftServer/]: [Not Secure] <art> hagame tp
[16Jun2025 00:05:17.388] [Server thread/INFO] [net.minecraft.server.MinecraftServer/]: [Not Secure] <art> hpta
[16Jun2025 00:05:30.706] [Server thread/INFO] [net.minecraft.server.MinecraftServer/]: [zJ3ff: Set own game mode to Spectator Mode]
[16Jun2025 00:05:34.861] [Server thread/INFO] [net.minecraft.server.MinecraftServer/]: [zJ3ff: Set own game mode to Survival Mode]
[16Jun2025 00:05:42.804] [Server thread/INFO] [net.minecraft.server.MinecraftServer/]: [Not Secure] <TanatosGX> solo si el wither le permita juan
[16Jun2025 00:05:51.736] [Server thread/INFO] [net.minecraft.server.MinecraftServer/]: zJ3ff was shot by a skull from Wither
[16Jun2025 00:05:52.870] [Server thread/WARN] [net.minecraft.server.level.ServerEntity/]: Fetching packet for removed entity VampbiterEntity['Vampire Biter'/620, l='ServerLevel[world]', x=2130.94, y=10.19, z=815.22, removed=DISCARDED]
[16Jun2025 00:05:53.184] [Server thread/WARN] [net.minecraft.world.level.storage.loot.functions.SetItemDamageFunction/]: Couldn't set damage of loot item 1 gold_ingot
[16Jun2025 00:05:53.184] [Server thread/WARN] [net.minecraft.world.level.storage.loot.functions.SetItemDamageFunction/]: Couldn't set damage of loot item 1 diamond
[16Jun2025 00:05:53.184] [Server thread/WARN] [net.minecraft.world.level.storage.loot.functions.SetItemDamageFunction/]: Couldn't set damage of loot item 1 gem_dust
[16Jun2025 00:05:53.185] [Server thread/WARN] [net.minecraft.world.level.storage.loot.functions.SetItemDamageFunction/]: Couldn't set damage of loot item 1 diamond
[16Jun2025 00:05:56.266] [Server thread/INFO] [net.minecraft.server.MinecraftServer/]: [zJ3ff: Set own game mode to Creative Mode]
[16Jun2025 00:05:58.772] [Server thread/WARN] [net.minecraft.network.syncher.SynchedEntityData/]: defineId called for: class dev.itsmeow.whisperwoods.entity.EntityHidebehind from class dev.itsmeow.whisperwoods.imdlib.entity.EntityTypeContainer
[16Jun2025 00:06:08.461] [Server thread/INFO] [net.minecraft.server.MinecraftServer/]: [zJ3ff: Set own game mode to Survival Mode]
[16Jun2025 00:06:14.394] [Server thread/INFO] [net.minecraft.server.MinecraftServer/]: [Not Secure] <art> chef
[16Jun2025 00:06:16.942] [Server thread/INFO] [net.minecraft.server.MinecraftServer/]: zJ3ff was shot by a skull from Wither
[16Jun2025 00:06:24.568] [Server thread/INFO] [net.minecraft.server.MinecraftServer/]: [Not Secure] <art> malparido
[16Jun2025 00:06:25.518] [Server thread/INFO] [net.minecraft.server.MinecraftServer/]: [zJ3ff: Set own game mode to Creative Mode]
[16Jun2025 00:06:32.485] [Server thread/INFO] [net.minecraft.server.network.ServerGamePacketListenerImpl/]: zJ3ff lost connection: Disconnected
[16Jun2025 00:06:32.485] [Server thread/INFO] [net.minecraft.server.MinecraftServer/]: zJ3ff left the game
[16Jun2025 00:06:35.286] [Server thread/INFO] [net.minecraft.server.MinecraftServer/]: [Not Secure] <art> XDDD
[16Jun2025 00:06:50.773] [Netty Epoll Server IO #4/INFO] [Calio/]: Received acknowledgment for login packet with id 236
[16Jun2025 00:06:50.820] [Netty Epoll Server IO #4/INFO] [Calio/]: Received acknowledgment for login packet with id 237
[16Jun2025 00:06:50.862] [Netty Epoll Server IO #4/INFO] [Calio/]: Received acknowledgment for login packet with id 238
[16Jun2025 00:06:50.921] [Netty Epoll Server IO #4/INFO] [Calio/]: Received acknowledgment for login packet with id 239
[16Jun2025 00:06:50.961] [Netty Epoll Server IO #4/INFO] [Calio/]: Received acknowledgment for login packet with id 240
[16Jun2025 00:06:51.019] [Netty Epoll Server IO #4/INFO] [Calio/]: Received acknowledgment for login packet with id 241
[16Jun2025 00:06:51.066] [Netty Epoll Server IO #4/INFO] [Calio/]: Received acknowledgment for login packet with id 242
[16Jun2025 00:06:51.116] [Netty Epoll Server IO #4/INFO] [Calio/]: Received acknowledgment for login packet with id 243
[16Jun2025 00:06:51.167] [Netty Epoll Server IO #4/INFO] [Calio/]: Received acknowledgment for login packet with id 244
[16Jun2025 00:06:51.215] [Netty Epoll Server IO #4/INFO] [Calio/]: Received acknowledgment for login packet with id 245
[16Jun2025 00:06:51.270] [Netty Epoll Server IO #4/INFO] [Calio/]: Received acknowledgment for login packet with id 246
[16Jun2025 00:06:51.314] [Netty Epoll Server IO #4/INFO] [Calio/]: Received acknowledgment for login packet with id 247
[16Jun2025 00:06:51.623] [Netty Epoll Server IO #4/INFO] [Calio/]: Received acknowledgment for login packet with id 248
[16Jun2025 00:06:51.625] [Netty Epoll Server IO #4/INFO] [Calio/]: Received acknowledgment for login packet with id 249
[16Jun2025 00:06:51.681] [Netty Epoll Server IO #4/INFO] [Calio/]: Received acknowledgment for login packet with id 250
[16Jun2025 00:06:51.742] [Server thread/INFO] [net.minecraftforge.common.AdvancementLoadFix/]: Using new advancement loading for net.minecraft.server.PlayerAdvancements@79175e07
[16Jun2025 00:06:51.747] [Server thread/INFO] [net.minecraft.server.players.PlayerList/]: zJ3ff[/10.147.17.225:60486] logged in with entity id 30310 at (2250.5, 105.1, 822.5)
[16Jun2025 00:06:51.782] [Server thread/INFO] [ModdingLegacy/blue_skies/]: Sending ToolHandleTypeManager to zJ3ff
[16Jun2025 00:06:51.782] [Server thread/INFO] [ModdingLegacy/blue_skies/]: Sending SnowcapOvenFreezingManager to zJ3ff
[16Jun2025 00:06:51.783] [Server thread/INFO] [ModdingLegacy/blue_skies/]: Sending HorizoniteForgeFuelManager to zJ3ff
[16Jun2025 00:06:51.783] [Server thread/INFO] [ModdingLegacy/blue_skies/]: Sending AlchemyRecipeManager to zJ3ff
[16Jun2025 00:06:51.784] [Server thread/INFO] [ModdingLegacy/blue_skies/]: Sending JournalEntryManager to zJ3ff
[16Jun2025 00:06:51.785] [Server thread/INFO] [ModdingLegacy/blue_skies/]: Sending JournalSectionManager to zJ3ff
[16Jun2025 00:06:51.785] [Server thread/INFO] [ModdingLegacy/blue_skies/]: Sending JournalRequirementManager to zJ3ff
[16Jun2025 00:06:51.841] [Server thread/INFO] [net.minecraft.server.MinecraftServer/]: zJ3ff joined the game
[16Jun2025 00:06:51.862] [Server thread/WARN] [net.minecraft.server.level.ServerEntity/]: Fetching packet for removed entity VampbiterEntity['Vampire Biter'/620, l='ServerLevel[world]', x=2130.94, y=10.19, z=815.22, removed=DISCARDED]
[16Jun2025 00:06:51.903] [Server thread/INFO] [Jade/]: Syncing config to zJ3ff (eede419e-6249-3648-b9b1-3edb24231985)
[16Jun2025 00:06:51.963] [Server thread/INFO] [Enigmatic Legacy/INFO]: Synchronizing omniconfig files to zJ3ff...
[16Jun2025 00:06:51.963] [Server thread/INFO] [Enigmatic Legacy/INFO]: Sending data for enigmaticaddons-common.omniconf
[16Jun2025 00:06:51.963] [Server thread/INFO] [Enigmatic Legacy/INFO]: Sending data for enigmaticlegacy-common.omniconf
[16Jun2025 00:06:51.964] [Server thread/INFO] [Enigmatic Legacy/INFO]: Granting starter gear to zJ3ff
[16Jun2025 00:06:56.209] [Server thread/INFO] [net.minecraft.server.MinecraftServer/]: [Not Secure] <TanatosGX> a píe juan
[16Jun2025 00:07:07.234] [Server thread/WARN] [net.minecraft.server.level.ServerEntity/]: Fetching packet for removed entity VampbiterEntity['Vampire Biter'/620, l='ServerLevel[world]', x=2130.94, y=10.19, z=815.22, removed=DISCARDED]
[16Jun2025 00:07:07.739] [Server thread/WARN] [net.minecraft.world.level.storage.loot.functions.SetItemDamageFunction/]: Couldn't set damage of loot item 1 gold_ingot
[16Jun2025 00:07:07.739] [Server thread/WARN] [net.minecraft.world.level.storage.loot.functions.SetItemDamageFunction/]: Couldn't set damage of loot item 1 diamond
[16Jun2025 00:07:07.739] [Server thread/WARN] [net.minecraft.world.level.storage.loot.functions.SetItemDamageFunction/]: Couldn't set damage of loot item 1 diamond
[16Jun2025 00:07:17.589] [Server thread/INFO] [com.teampotato.redirector.Redirector/]: Redirecting com/github/L_Ender/lionfishapi/server/animation/AnimationHandler
[16Jun2025 00:07:22.136] [Server thread/INFO] [net.minecraft.server.MinecraftServer/]: [Not Secure] <art> NOOOO
[16Jun2025 00:07:24.408] [Server thread/INFO] [net.minecraft.server.MinecraftServer/]: [zJ3ff: Teleported zJ3ff to 0.500000, 63.500000, 0.500000]
[16Jun2025 00:07:25.356] [Server thread/WARN] [net.minecraft.server.level.ServerEntity/]: Fetching packet for removed entity VampbiterEntity['Vampire Biter'/620, l='ServerLevel[world]', x=2130.94, y=10.19, z=815.22, removed=DISCARDED]
[16Jun2025 00:07:27.442] [Server thread/INFO] [net.minecraft.server.MinecraftServer/]: [Not Secure] <art> BRUH
[16Jun2025 00:07:29.766] [Server thread/INFO] [net.minecraft.server.MinecraftServer/]: [Not Secure] <TanatosGX> juan, tu y tus malditas esporas
[16Jun2025 00:07:34.559] [Server thread/INFO] [net.minecraft.server.MinecraftServer/]: [Not Secure] <art> la puta madre tana
[16Jun2025 00:07:39.305] [Server thread/INFO] [net.minecraft.server.MinecraftServer/]: [Not Secure] <art> casi me matas ahi
[16Jun2025 00:07:39.654] [Server thread/INFO] [net.minecraft.server.MinecraftServer/]: [Not Secure] <TanatosGX> que
[16Jun2025 00:07:43.061] [Server thread/INFO] [net.minecraft.server.MinecraftServer/]: [Not Secure] <TanatosGX> XD
[16Jun2025 00:07:53.087] [Server thread/INFO] [net.minecraft.server.MinecraftServer/]: [zJ3ff: Set own game mode to Survival Mode]
[16Jun2025 00:07:53.897] [Server thread/INFO] [net.minecraft.server.MinecraftServer/]: [Not Secure] <TanatosGX> tp juna
[16Jun2025 00:08:03.738] [Server thread/INFO] [net.minecraft.server.MinecraftServer/]: [Not Secure] <TanatosGX> HAGA TP
[16Jun2025 00:08:06.635] [Server thread/INFO] [net.minecraft.server.MinecraftServer/]: [Not Secure] <TanatosGX> a
[16Jun2025 00:08:19.740] [Server thread/INFO] [net.minecraft.server.MinecraftServer/]: TanatosGX was shot by a skull from Wither
[16Jun2025 00:08:19.939] [Server thread/INFO] [net.minecraft.server.MinecraftServer/]: zJ3ff was shot by a skull from Wither
[16Jun2025 00:08:21.375] [Server thread/WARN] [net.minecraft.server.level.ServerEntity/]: Fetching packet for removed entity VampbiterEntity['Vampire Biter'/620, l='ServerLevel[world]', x=2130.94, y=10.19, z=815.22, removed=DISCARDED]
[16Jun2025 00:08:21.376] [Server thread/WARN] [net.minecraft.server.level.ServerEntity/]: Fetching packet for removed entity VampbiterEntity['Vampire Biter'/620, l='ServerLevel[world]', x=2130.94, y=10.19, z=815.22, removed=DISCARDED]
[16Jun2025 00:08:25.702] [Server thread/INFO] [net.minecraft.server.MinecraftServer/]: [zJ3ff: Set own game mode to Creative Mode]
[16Jun2025 00:08:26.840] [Server thread/INFO] [net.minecraft.server.MinecraftServer/]: art was shot by a skull from Wither
[16Jun2025 00:08:28.454] [Server thread/WARN] [net.minecraft.server.level.ServerEntity/]: Fetching packet for removed entity VampbiterEntity['Vampire Biter'/620, l='ServerLevel[world]', x=2130.94, y=10.19, z=815.22, removed=DISCARDED]
[16Jun2025 00:08:33.353] [Server thread/INFO] [net.minecraft.server.MinecraftServer/]: art was blown up by Wither
[16Jun2025 00:08:34.729] [Server thread/WARN] [net.minecraft.server.level.ServerEntity/]: Fetching packet for removed entity VampbiterEntity['Vampire Biter'/620, l='ServerLevel[world]', x=2130.94, y=10.19, z=815.22, removed=DISCARDED]
[16Jun2025 00:08:38.990] [Server thread/INFO] [net.minecraft.server.MinecraftServer/]: [Not Secure] <art> uy que gonorrea
[16Jun2025 00:08:40.591] [Server thread/INFO] [net.minecraft.server.MinecraftServer/]: [Not Secure] <art> XD
[16Jun2025 00:08:43.903] [Server thread/INFO] [net.minecraft.server.MinecraftServer/]: [zJ3ff: Set own game mode to Survival Mode]
[16Jun2025 00:08:52.337] [Server thread/INFO] [net.minecraft.server.MinecraftServer/]: [Not Secure] <TanatosGX> nos detono
[16Jun2025 00:08:53.887] [Server thread/INFO] [net.minecraft.server.MinecraftServer/]: [Not Secure] <TanatosGX> A
[16Jun2025 00:08:54.186] [Server thread/WARN] [net.minecraft.world.level.storage.loot.functions.SetItemDamageFunction/]: Couldn't set damage of loot item 1 netherite_scrap
[16Jun2025 00:08:54.186] [Server thread/WARN] [net.minecraft.world.level.storage.loot.functions.SetItemDamageFunction/]: Couldn't set damage of loot item 1 wisdom_scroll
[16Jun2025 00:09:00.492] [Server thread/INFO] [net.minecraft.server.MinecraftServer/]: TanatosGX has made the advancement [Withering Treasures]
[16Jun2025 00:09:04.367] [Server thread/INFO] [net.minecraft.server.MinecraftServer/]: [Not Secure] <zJ3ff> SE AHOGO
[16Jun2025 00:09:05.195] [Server thread/INFO] [net.minecraft.server.MinecraftServer/]: [Not Secure] <zJ3ff> JAJAJ
[16Jun2025 00:09:07.933] [Server thread/INFO] [net.minecraft.server.MinecraftServer/]: [Not Secure] <TanatosGX> XD
[16Jun2025 00:09:24.616] [Server thread/INFO] [net.minecraft.server.MinecraftServer/]: [Not Secure] <TanatosGX> juan se muere de todas las maneras
[16Jun2025 00:09:32.786] [Server thread/INFO] [net.minecraft.server.MinecraftServer/]: [Not Secure] <zJ3ff> AMIGO
[16Jun2025 00:09:52.695] [Server thread/INFO] [net.minecraft.server.MinecraftServer/]: [Not Secure] <zJ3ff> OA
[16Jun2025 00:09:54.351] [Server thread/INFO] [net.minecraft.server.MinecraftServer/]: [Not Secure] <zJ3ff> tana
[16Jun2025 00:09:58.299] [Server thread/INFO] [net.minecraft.server.MinecraftServer/]: [Not Secure] <zJ3ff> dropeo un coso
[16Jun2025 00:10:02.745] [Server thread/INFO] [net.minecraft.server.MinecraftServer/]: [Not Secure] <zJ3ff> lo voy a duppear en creativo
[16Jun2025 00:10:07.631] [Server thread/INFO] [net.minecraft.server.MinecraftServer/]: [Not Secure] <zJ3ff> pa darles uno a cada uno
[16Jun2025 00:10:09.486] [Server thread/INFO] [net.minecraft.server.MinecraftServer/]: [Not Secure] <art> voy a profanar tu cuerpo
[16Jun2025 00:10:12.218] [Server thread/INFO] [net.minecraft.server.MinecraftServer/]: [zJ3ff: Set own game mode to Creative Mode]
[16Jun2025 00:10:16.762] [Server thread/INFO] [net.minecraft.server.MinecraftServer/]: [Not Secure] <zJ3ff> bueno, ya por eso a juan no le doy nada
[16Jun2025 00:10:40.092] [Server thread/INFO] [net.minecraft.server.MinecraftServer/]: [Not Secure] <TanatosGX> a
[16Jun2025 00:10:44.344] [Server thread/INFO] [net.minecraft.server.MinecraftServer/]: [Not Secure] <zJ3ff> tana
[16Jun2025 00:10:49.596] [Server thread/INFO] [net.minecraft.server.MinecraftServer/]: [Not Secure] <zJ3ff> como era para duplicar items en creativo?
[16Jun2025 00:10:52.004] [Server thread/INFO] [net.minecraft.server.MinecraftServer/]: [Not Secure] <zJ3ff> click del medio?
[16Jun2025 00:11:01.052] [Server thread/INFO] [net.minecraft.server.MinecraftServer/]: [Not Secure] <zJ3ff> ah si
[16Jun2025 00:11:04.105] [Server thread/WARN] [net.minecraft.server.level.ServerEntity/]: Fetching packet for removed entity VampbiterEntity['Vampire Biter'/620, l='ServerLevel[world]', x=2130.94, y=10.19, z=815.22, removed=DISCARDED]
[16Jun2025 00:11:05.406] [Server thread/INFO] [net.minecraft.server.MinecraftServer/]: [Not Secure] <art> when no puedes nadar
[16Jun2025 00:11:09.315] [Server thread/INFO] [net.minecraft.server.MinecraftServer/]: [Not Secure] <zJ3ff> vengan a la casa
[16Jun2025 00:11:13.632] [Server thread/WARN] [net.minecraft.server.level.ServerEntity/]: Fetching packet for removed entity VampbiterEntity['Vampire Biter'/620, l='ServerLevel[world]', x=2130.94, y=10.19, z=815.22, removed=DISCARDED]
[16Jun2025 00:11:20.188] [Server thread/WARN] [net.minecraft.world.level.storage.loot.functions.SetItemDamageFunction/]: Couldn't set damage of loot item 1 gold_ingot
[16Jun2025 00:11:20.188] [Server thread/WARN] [net.minecraft.world.level.storage.loot.functions.SetItemDamageFunction/]: Couldn't set damage of loot item 1 diamond
[16Jun2025 00:11:20.188] [Server thread/WARN] [net.minecraft.world.level.storage.loot.functions.SetItemDamageFunction/]: Couldn't set damage of loot item 1 gem_dust
[16Jun2025 00:11:20.189] [Server thread/WARN] [net.minecraft.world.level.storage.loot.functions.SetItemDamageFunction/]: Couldn't set damage of loot item 1 diamond
